0 info it worked if it ends with ok
1 verbose cli [
1 verbose cli   'C:\\Program Files\\nodejs\\node.exe',
1 verbose cli   'C:\\Users\\JGOUR\\AppData\\Roaming\\npm\\node_modules\\npm\\bin\\npm-cli.js',
1 verbose cli   'publish'
1 verbose cli ]
2 info using npm@3.10.10
3 info using node@v14.16.0
4 verbose publish [ '.' ]
5 silly cache add args [ '.', null ]
6 verbose cache add spec .
7 silly cache add parsed spec Result {
7 silly cache add   raw: '.',
7 silly cache add   scope: null,
7 silly cache add   escapedName: null,
7 silly cache add   name: null,
7 silly cache add   rawSpec: '.',
7 silly cache add   spec: 'C:\\Users\\JGOUR\\Desktop\\API_TICTACTOE',
7 silly cache add   type: 'directory'
7 silly cache add }
8 verbose addLocalDirectory C:\Users\JGOUR\AppData\Roaming\npm-cache\djs-tictactoe\1.0.0\package.tgz not in flight; packing
9 verbose correctMkdir C:\Users\JGOUR\AppData\Roaming\npm-cache correctMkdir not in flight; initializing
10 info lifecycle djs-tictactoe@1.0.0~prepublish: djs-tictactoe@1.0.0
11 silly lifecycle djs-tictactoe@1.0.0~prepublish: no script for prepublish, continuing
12 verbose tar pack [
12 verbose tar pack   'C:\\Users\\JGOUR\\AppData\\Roaming\\npm-cache\\djs-tictactoe\\1.0.0\\package.tgz',
12 verbose tar pack   'C:\\Users\\JGOUR\\Desktop\\API_TICTACTOE'
12 verbose tar pack ]
13 verbose tarball C:\Users\JGOUR\AppData\Roaming\npm-cache\djs-tictactoe\1.0.0\package.tgz
14 verbose folder C:\Users\JGOUR\Desktop\API_TICTACTOE
15 verbose stack TypeError: cb.apply is not a function
15 verbose stack     at C:\Users\JGOUR\AppData\Roaming\npm\node_modules\npm\node_modules\graceful-fs\polyfills.js:267:18
15 verbose stack     at FSReqCallback.oncomplete (fs.js:184:5)
16 verbose cwd C:\Users\JGOUR\Desktop\API_TICTACTOE
17 error Windows_NT 10.0.19042
18 error argv "C:\\Program Files\\nodejs\\node.exe" "C:\\Users\\JGOUR\\AppData\\Roaming\\npm\\node_modules\\npm\\bin\\npm-cli.js" "publish"
19 error node v14.16.0
20 error npm  v3.10.10
21 error cb.apply is not a function
22 error If you need help, you may report this error at:
22 error     <https://github.com/npm/npm/issues>
23 verbose exit [ 1, true ]
